生成启动时间为 9/3/2013 4:20:53 PM。
     1>项目“G:\Users\新庭\Documents\Visual Studio 2010\Projects\Expression\Expression\Expression.vcxproj”在节点 2 上(build 个目标)。
     1>InitializeBuildStatus:
         正在创建“Debug\Expression.unsuccessfulbuild”，因为已指定“AlwaysCreate”。
       ClCompile:
         所有输出均为最新。
         D:\Program Files (x86)\Microsoft Visual Studio 10.0\VC\bin\CL.exe /c /ZI /nologo /W3 /WX- /Od /Oy- /D WIN32 /D _DEBUG /D _CONSOLE /D _UNICODE /D UNICODE /Gm /EHsc /RTC1 /MDd /GS /fp:precise /Zc:wchar_t /Zc:forScope /Fo"Debug\\" /Fd"Debug\vc100.pdb" /Gd /TP /analyze- /errorReport:prompt main.cpp
         main.cpp
     1>g:\users\新庭\documents\visual studio 2010\projects\expression\expression\expression.h : warning C4819: 该文件包含不能在当前代码页(936)中表示的字符。请将该文件保存为 Unicode 格式以防止数据丢失
     1>g:\users\新庭\documents\visual studio 2010\projects\expression\expression\operatorfactory.h : warning C4819: 该文件包含不能在当前代码页(936)中表示的字符。请将该文件保存为 Unicode 格式以防止数据丢失
     1>g:\users\新庭\documents\visual studio 2010\projects\expression\expression\items.h : warning C4819: 该文件包含不能在当前代码页(936)中表示的字符。请将该文件保存为 Unicode 格式以防止数据丢失
     1>g:\users\新庭\documents\visual studio 2010\projects\expression\expression\item.h : warning C4819: 该文件包含不能在当前代码页(936)中表示的字符。请将该文件保存为 Unicode 格式以防止数据丢失
     1>g:\users\新庭\documents\visual studio 2010\projects\expression\expression\addoperatoritem.h : warning C4819: 该文件包含不能在当前代码页(936)中表示的字符。请将该文件保存为 Unicode 格式以防止数据丢失
     1>g:\users\新庭\documents\visual studio 2010\projects\expression\expression\item.h : warning C4819: 该文件包含不能在当前代码页(936)中表示的字符。请将该文件保存为 Unicode 格式以防止数据丢失
     1>g:\users\新庭\documents\visual studio 2010\projects\expression\expression\minusoperatoritem.h : warning C4819: 该文件包含不能在当前代码页(936)中表示的字符。请将该文件保存为 Unicode 格式以防止数据丢失
     1>g:\users\新庭\documents\visual studio 2010\projects\expression\expression\item.h : warning C4819: 该文件包含不能在当前代码页(936)中表示的字符。请将该文件保存为 Unicode 格式以防止数据丢失
     1>g:\users\新庭\documents\visual studio 2010\projects\expression\expression\multioperatoritem.h : warning C4819: 该文件包含不能在当前代码页(936)中表示的字符。请将该文件保存为 Unicode 格式以防止数据丢失
     1>g:\users\新庭\documents\visual studio 2010\projects\expression\expression\item.h : warning C4819: 该文件包含不能在当前代码页(936)中表示的字符。请将该文件保存为 Unicode 格式以防止数据丢失
     1>g:\users\新庭\documents\visual studio 2010\projects\expression\expression\divoperatoritem.h : warning C4819: 该文件包含不能在当前代码页(936)中表示的字符。请将该文件保存为 Unicode 格式以防止数据丢失
     1>g:\users\新庭\documents\visual studio 2010\projects\expression\expression\item.h : warning C4819: 该文件包含不能在当前代码页(936)中表示的字符。请将该文件保存为 Unicode 格式以防止数据丢失
     1>g:\users\新庭\documents\visual studio 2010\projects\expression\expression\lparenthesisoperatoritem.h : warning C4819: 该文件包含不能在当前代码页(936)中表示的字符。请将该文件保存为 Unicode 格式以防止数据丢失
     1>g:\users\新庭\documents\visual studio 2010\projects\expression\expression\item.h : warning C4819: 该文件包含不能在当前代码页(936)中表示的字符。请将该文件保存为 Unicode 格式以防止数据丢失
     1>g:\users\新庭\documents\visual studio 2010\projects\expression\expression\item.h : warning C4819: 该文件包含不能在当前代码页(936)中表示的字符。请将该文件保存为 Unicode 格式以防止数据丢失
     1>g:\users\新庭\documents\visual studio 2010\projects\expression\expression\expression.h : warning C4819: 该文件包含不能在当前代码页(936)中表示的字符。请将该文件保存为 Unicode 格式以防止数据丢失
       ManifestResourceCompile:
         所有输出均为最新。
       Link:
         D:\Program Files (x86)\Microsoft Visual Studio 10.0\VC\bin\link.exe /ERRORREPORT:PROMPT /OUT:"G:\Users\新庭\Documents\Visual Studio 2010\Projects\Expression\Debug\Expression.exe" /INCREMENTAL /NOLOGO kernel32.lib user32.lib gdi32.lib winspool.lib comdlg32.lib advapi32.lib shell32.lib ole32.lib oleaut32.lib uuid.lib odbc32.lib odbccp32.lib /MANIFEST /ManifestFile:"Debug\Expression.exe.intermediate.manifest" /MANIFESTUAC:"level='asInvoker' uiAccess='false'" /DEBUG /PDB:"G:\Users\新庭\Documents\Visual Studio 2010\Projects\Expression\Debug\Expression.pdb" /SUBSYSTEM:CONSOLE /TLBID:1 /DYNAMICBASE /NXCOMPAT /IMPLIB:"G:\Users\新庭\Documents\Visual Studio 2010\Projects\Expression\Debug\Expression.lib" /MACHINE:X86 Debug\Expression.exe.embed.manifest.res
         Debug\AddOperatorItem.obj
         Debug\BeginOperatorItem.obj
         Debug\DivOperatorItem.obj
         Debug\Expression.obj
         Debug\Item.obj
         Debug\LParenthesisOperatorItem.obj
         Debug\main.obj
         Debug\MinusOperatorItem.obj
         Debug\MultiOperatorItem.obj
         Debug\OperatorFactory.obj
         Debug\TrigOperatorItem.obj
         Debug\stdafx.obj
         Debug\XExpression.obj
         Debug\XOperatorItem.obj
       Manifest:
         C:\Program Files (x86)\Microsoft SDKs\Windows\v7.0A\bin\mt.exe /nologo /verbose /out:"Debug\Expression.exe.embed.manifest" /manifest Debug\Expression.exe.intermediate.manifest
         所有输出均为最新。
       LinkEmbedManifest:
         所有输出均为最新。
         Expression.vcxproj -> G:\Users\新庭\Documents\Visual Studio 2010\Projects\Expression\Debug\Expression.exe
       FinalizeBuildStatus:
         正在删除文件“Debug\Expression.unsuccessfulbuild”。
         正在对“Debug\Expression.lastbuildstate”执行 Touch 任务。
     1>已完成生成项目“G:\Users\新庭\Documents\Visual Studio 2010\Projects\Expression\Expression\Expression.vcxproj”(build 个目标)的操作。

生成成功。

已用时间 00:00:00.96
